<?xml version="1.0" encoding="UTF-8"?>
<testng-results skipped="0" failed="0" ignored="0" total="2" passed="2">
  <reporter-output>
  </reporter-output>
  <suite name="model.BankAPITest" duration-ms="11022" started-at="2018-09-05T13:32:58Z" finished-at="2018-09-05T13:33:09Z">
    <groups>
    </groups>
    <test name="Command line test" duration-ms="11022" started-at="2018-09-05T13:32:58Z" finished-at="2018-09-05T13:33:09Z">
      <class name="model.BankAPITest">
        <test-method status="PASS" signature="beforeClass()[pri:0, instance:model.BankAPITest@1b6a447]" name="beforeClass" is-config="true" duration-ms="387" started-at="2018-09-05T13:32:58Z" finished-at="2018-09-05T13:32:58Z">
          <reporter-output>
          </reporter-output>
        </test-method> <!-- beforeClass -->
        <test-method status="PASS" signature="invalidBankDetailsTest()[pri:0, instance:model.BankAPITest@1b6a447]" name="invalidBankDetailsTest" duration-ms="1" started-at="2018-09-05T13:32:58Z" finished-at="2018-09-05T13:32:58Z">
          <reporter-output>
          </reporter-output>
        </test-method> <!-- invalidBankDetailsTest -->
        <test-method status="PASS" signature="validBankDetailTest()[pri:0, instance:model.BankAPITest@1b6a447]" name="validBankDetailTest" duration-ms="10603" started-at="2018-09-05T13:32:58Z" finished-at="2018-09-05T13:33:09Z">
          <reporter-output>
          </reporter-output>
        </test-method> <!-- validBankDetailTest -->
      </class> <!-- model.BankAPITest -->
    </test> <!-- Command line test -->
  </suite> <!-- model.BankAPITest -->
</testng-results>
